Accessed Leads Module
Click on Popup closing
Click on New Button
Edit Lead is present and Displayed
Lead Name  entered
Lead Status entered
Company Name entered
Click on Save Button
Lead Details is present and Displayed
Accessed Opportunities Module
Click on New Button
Edit Opportunity  is present and Displayed
Opportunity entered
Account Name entered
Opportunity Stage entered
Close Date entered
Click on Save Button
Element is Not Present or Not Displayed
Error Appeared while creating Opportunity is present and Displayed
Accessed Leads Module
Click on Popup closing
Click on New Button
Edit Lead is present and Displayed
Lead Name  entered
Lead Status entered
Company Name entered
Click on Save Button
Lead Details is present and Displayed
Accessed Opportunities Module
Click on New Button
Edit Opportunity  is present and Displayed
Opportunity entered
Account Name entered
Opportunity Stage entered
Close Date entered
Click on Save Button
Element is Not Present or Not Displayed
Error Appeared while creating Opportunity is present and Displayed
Accessed Leads Module
Click on Popup closing
Click on New Button
Edit Lead is present and Displayed
Lead Name  entered
Lead Status entered
Company Name entered
Click on Save Button
Lead Details is present and Displayed
Accessed Opportunities Module
Click on New Button
Edit Opportunity  is present and Displayed
Opportunity entered
Account Name entered
Opportunity Stage entered
Close Date entered
Click on Save Button
Opportunity Detail  is present and Displayed
